<?xml version="1.0" encoding="UTF-8"?>
<!-- Generated by org.testng.reporters.JUnitReportReporter -->
<testsuite hostname="DESKTOP-MVE14DD" failures="0" tests="1" name="Selenium.seb.test01" time="54.116" errors="0" timestamp="2023-07-15T17:45:04 IST" skipped="0">
  <testcase classname="Selenium.seb.test01" name="createaccount" time="54.116"/>
  <system-out/>
</testsuite> <!-- Selenium.seb.test01 -->
